<?xml version="1.0" encoding="UTF-8"?>
<!-- Generated by org.testng.reporters.JUnitXMLReporter -->
<testsuite ignored="0" hostname="azmi" failures="0" tests="3" name="Default test" time="27.038" errors="0" timestamp="2023-05-10T15:20:34 CET">
  <testcase classname="testcases.Register" name="registering_an_account_with_mandatory_fields" time="2.179"/>
  <testcase classname="testcases.Register" name="verify_Registering_Account_By_providin_All_fields" time="1.736"/>
  <testcase classname="testcases.Register" name="verify_Registering_Account_with_existing_email_address" time="1.235"/>
</testsuite> <!-- Default test -->
